<!DOCTYPE html>
<html>
<head>
    <title>Unittest Results</title>
    <meta charset="utf-8">
    <meta name="viewport" content="width=device-width, initial-scale=1.0">
    <link rel="stylesheet" href="https://maxcdn.bootstrapcdn.com/bootstrap/3.3.6/css/bootstrap.min.css" integrity="sha384-1q8mTJOASx8j1Au+a5WDVnPi2lkFfwwEAa8hDDdjZlpLegxhjVME1fgjWPGmkzs7" crossorigin="anonymous">
</head>
<body>
    <div class="container">
        <div class="row">
            <div class="col-xs-12">
                <h2 class="text-capitalize">Unittest Results</h2>
                <p class='attribute'><strong>Start Time: </strong>2022-09-23 18:45:19</p>
                <p class='attribute'><strong>Duration: </strong>20.39 s</p>
                <p class='attribute'><strong>Summary: </strong>Total: 1, Pass: 0, Error: 1</p>
            </div>
        </div>
        <div class="row">
            <div class="col-xs-12 col-sm-10 col-md-10">
                <table class='table table-hover table-responsive'>
                    <thead>
                        <tr>
                            <th>__main__.NotimationCampSimple</th>
                            <th>Status</th>
                            <th></th>
                        </tr>
                    </thead>
                    <tbody>
                        <tr class='warning'>
                            <td class="col-xs-10">test_02_camp</td>
                            <td class="col-xs-1">
                                <span class="label label-warning" style="display:block;width:40px;">Error</span>
                            </td>
                            <td class="col-xs-1">
                                <button class="btn btn-default btn-xs">View</button>
                            </td>
                        </tr>
                        <tr style="display:none;">
                            <td class="col-xs-9" colspan="3"><p style="color:maroon;">TimeoutException: Message: 
Stacktrace:
Backtrace:
	Ordinal0 [0x0083DF13+2219795]
	Ordinal0 [0x007D2841+1779777]
	Ordinal0 [0x006E423D+803389]
	Ordinal0 [0x00713025+995365]
	Ordinal0 [0x007131EB+995819]
	Ordinal0 [0x00740F52+1183570]
	Ordinal0 [0x0072E844+1108036]
	Ordinal0 [0x0073F192+1175954]
	Ordinal0 [0x0072E616+1107478]
	Ordinal0 [0x00707F89+950153]
	Ordinal0 [0x00708F56+954198]
	GetHandleVerifier [0x00B32CB2+3040210]
	GetHandleVerifier [0x00B22BB4+2974420]
	GetHandleVerifier [0x008D6A0A+565546]
	GetHandleVerifier [0x008D5680+560544]
	Ordinal0 [0x007D9A5C+1808988]
	Ordinal0 [0x007DE3A8+1827752]
	Ordinal0 [0x007DE495+1827989]
	Ordinal0 [0x007E80A4+1867940]
	BaseThreadInitThunk [0x7711FA29+25]
	RtlGetAppContainerNamedObjectPath [0x77DC7B5E+286]
	RtlGetAppContainerNamedObjectPath [0x77DC7B2E+238]
</p><p style="color:maroon;">Traceback (most recent call last):
  File "C:\Users\Sebastian Lezama\PythonPrograms\Selenium\test_case\main.py", line 34, in test_02_camp
    main_page.navigate_camp()
  File "C:\Users\Sebastian Lezama\PythonPrograms\Selenium\test_case\page.py", line 57, in navigate_camp
    main = WebDriverWait(self.driver, 10).until(
  File "C:\Users\Sebastian Lezama\AppData\Local\Programs\Python\Python310\lib\site-packages\selenium\webdriver\support\wait.py", line 90, in until
    raise TimeoutException(message, screen, stacktrace)
selenium.common.exceptions.TimeoutException: Message: 
Stacktrace:
Backtrace:
	Ordinal0 [0x0083DF13+2219795]
	Ordinal0 [0x007D2841+1779777]
	Ordinal0 [0x006E423D+803389]
	Ordinal0 [0x00713025+995365]
	Ordinal0 [0x007131EB+995819]
	Ordinal0 [0x00740F52+1183570]
	Ordinal0 [0x0072E844+1108036]
	Ordinal0 [0x0073F192+1175954]
	Ordinal0 [0x0072E616+1107478]
	Ordinal0 [0x00707F89+950153]
	Ordinal0 [0x00708F56+954198]
	GetHandleVerifier [0x00B32CB2+3040210]
	GetHandleVerifier [0x00B22BB4+2974420]
	GetHandleVerifier [0x008D6A0A+565546]
	GetHandleVerifier [0x008D5680+560544]
	Ordinal0 [0x007D9A5C+1808988]
	Ordinal0 [0x007DE3A8+1827752]
	Ordinal0 [0x007DE495+1827989]
	Ordinal0 [0x007E80A4+1867940]
	BaseThreadInitThunk [0x7711FA29+25]
	RtlGetAppContainerNamedObjectPath [0x77DC7B5E+286]
	RtlGetAppContainerNamedObjectPath [0x77DC7B2E+238]

C:\Users\Sebastian Lezama\PythonPrograms\Selenium\test_case\main.py:13: DeprecationWarning: executable_path has been deprecated, please pass in a Service object
  self.driver = webdriver.Chrome(PATH)
</p>
                            </td>
                        </tr>
                        <tr>
                            <td colspan="3">
                                Total: 1, Pass: 0, Error: 1 -- Duration: 20.39 s
                            </td>
                        </tr>
                    </tbody>
                </table>
            </div>
        </div>
    </div>
    <script src="https://ajax.googleapis.com/ajax/libs/jquery/2.2.4/jquery.min.js"></script>
    <script type="text/javascript">
        $(document).ready(function(){
            $('td').on('click', '.btn', function(e){
                e.preventDefault();
                e.stopImmediatePropagation();
                var $this = $(this);
                var $nextRow = $this.closest('tr').next('tr');
                $nextRow.slideToggle("fast");
                $this.text(function(i, text){
                    if (text === 'View') {
                        return 'Hide';
                    } else {
                        return 'View';
                    };
                });
            });
        });
    </script>
</body>
</html